Warning: missing space before text for line 20 of jade file "/var/www/auc/checheluka/views/header.jade"
Warning: missing space before text for line 11 of jade file "/var/www/auc/checheluka/views/goods.jade"
Warning: missing space before text for line 20 of jade file "/var/www/auc/checheluka/views/header.jade"
Warning: missing space before text for line 20 of jade file "/var/www/auc/checheluka/views/header.jade"
Warning: missing space before text for line 20 of jade file "/var/www/auc/checheluka/views/header.jade"
Warning: missing space before text for line 11 of jade file "/var/www/auc/checheluka/views/goods.jade"
Warning: missing space before text for line 20 of jade file "/var/www/auc/checheluka/views/header.jade"
Warning: missing space before text for line 20 of jade file "/var/www/auc/checheluka/views/header.jade"
Warning: missing space before text for line 20 of jade file "/var/www/auc/checheluka/views/header.jade"
Warning: missing space before text for line 20 of jade file "/var/www/auc/checheluka/views/header.jade"
Warning: missing space before text for line 20 of jade file "/var/www/auc/checheluka/views/header.jade"
Warning: missing space before text for line 20 of jade file "/var/www/auc/checheluka/views/header.jade"
Warning: missing space before text for line 20 of jade file "/var/www/auc/checheluka/views/header.jade"
Warning: missing space before text for line 20 of jade file "/var/www/auc/checheluka/views/header.jade"
Warning: missing space before text for line 11 of jade file "/var/www/auc/checheluka/views/goods.jade"
Warning: missing space before text for line 20 of jade file "/var/www/auc/checheluka/views/header.jade"
Warning: missing space before text for line 11 of jade file "/var/www/auc/checheluka/views/goods.jade"
Warning: missing space before text for line 20 of jade file "/var/www/auc/checheluka/views/header.jade"
Warning: missing space before text for line 11 of jade file "/var/www/auc/checheluka/views/goods.jade"
Warning: missing space before text for line 20 of jade file "/var/www/auc/checheluka/views/header.jade"
Warning: missing space before text for line 11 of jade file "/var/www/auc/checheluka/views/goods.jade"
Warning: missing space before text for line 20 of jade file "/var/www/auc/checheluka/views/header.jade"
Warning: missing space before text for line 11 of jade file "/var/www/auc/checheluka/views/goods.jade"
Warning: missing space before text for line 20 of jade file "/var/www/auc/checheluka/views/header.jade"
Warning: missing space before text for line 11 of jade file "/var/www/auc/checheluka/views/goods.jade"
Warning: missing space before text for line 20 of jade file "/var/www/auc/checheluka/views/header.jade"
Warning: missing space before text for line 11 of jade file "/var/www/auc/checheluka/views/goods.jade"
Warning: missing space before text for line 20 of jade file "/var/www/auc/checheluka/views/header.jade"
Warning: missing space before text for line 11 of jade file "/var/www/auc/checheluka/views/goods.jade"
Warning: missing space before text for line 20 of jade file "/var/www/auc/checheluka/views/header.jade"
Warning: missing space before text for line 11 of jade file "/var/www/auc/checheluka/views/goods.jade"
Warning: missing space before text for line 20 of jade file "/var/www/auc/checheluka/views/header.jade"
Warning: missing space before text for line 20 of jade file "/var/www/auc/checheluka/views/header.jade"
Warning: missing space before text for line 20 of jade file "/var/www/auc/checheluka/views/header.jade"
Warning: missing space before text for line 20 of jade file "/var/www/auc/checheluka/views/header.jade"
Warning: missing space before text for line 11 of jade file "/var/www/auc/checheluka/views/goods.jade"
Warning: missing space before text for line 20 of jade file "/var/www/auc/checheluka/views/header.jade"
Warning: missing space before text for line 11 of jade file "/var/www/auc/checheluka/views/goods.jade"
Warning: missing space before text for line 20 of jade file "/var/www/auc/checheluka/views/header.jade"
Warning: missing space before text for line 20 of jade file "/var/www/auc/checheluka/views/header.jade"
Warning: missing space before text for line 20 of jade file "/var/www/auc/checheluka/views/header.jade"
Warning: missing space before text for line 11 of jade file "/var/www/auc/checheluka/views/goods.jade"
Warning: missing space before text for line 20 of jade file "/var/www/auc/checheluka/views/header.jade"
Warning: missing space before text for line 20 of jade file "/var/www/auc/checheluka/views/header.jade"
Warning: missing space before text for line 20 of jade file "/var/www/auc/checheluka/views/header.jade"
Warning: missing space before text for line 11 of jade file "/var/www/auc/checheluka/views/goods.jade"
Warning: missing space before text for line 20 of jade file "/var/www/auc/checheluka/views/header.jade"
Warning: missing space before text for line 20 of jade file "/var/www/auc/checheluka/views/header.jade"
Warning: missing space before text for line 20 of jade file "/var/www/auc/checheluka/views/header.jade"
Warning: missing space before text for line 11 of jade file "/var/www/auc/checheluka/views/goods.jade"
Warning: missing space before text for line 20 of jade file "/var/www/auc/checheluka/views/header.jade"
Warning: missing space before text for line 11 of jade file "/var/www/auc/checheluka/views/goods.jade"
Warning: missing space before text for line 20 of jade file "/var/www/auc/checheluka/views/header.jade"
Warning: missing space before text for line 20 of jade file "/var/www/auc/checheluka/views/header.jade"
Warning: missing space before text for line 11 of jade file "/var/www/auc/checheluka/views/goods.jade"
Warning: missing space before text for line 20 of jade file "/var/www/auc/checheluka/views/header.jade"
Warning: missing space before text for line 11 of jade file "/var/www/auc/checheluka/views/goods.jade"
Warning: missing space before text for line 20 of jade file "/var/www/auc/checheluka/views/header.jade"
Warning: missing space before text for line 20 of jade file "/var/www/auc/checheluka/views/header.jade"
Warning: missing space before text for line 20 of jade file "/var/www/auc/checheluka/views/header.jade"
Warning: missing space before text for line 20 of jade file "/var/www/auc/checheluka/views/header.jade"
Warning: missing space before text for line 11 of jade file "/var/www/auc/checheluka/views/goods.jade"
Warning: missing space before text for line 20 of jade file "/var/www/auc/checheluka/views/header.jade"
Warning: missing space before text for line 20 of jade file "/var/www/auc/checheluka/views/header.jade"
Warning: missing space before text for line 20 of jade file "/var/www/auc/checheluka/views/header.jade"
Warning: missing space before text for line 11 of jade file "/var/www/auc/checheluka/views/goods.jade"
Warning: missing space before text for line 20 of jade file "/var/www/auc/checheluka/views/header.jade"
Warning: missing space before text for line 11 of jade file "/var/www/auc/checheluka/views/goods.jade"
Warning: missing space before text for line 20 of jade file "/var/www/auc/checheluka/views/header.jade"
Warning: missing space before text for line 20 of jade file "/var/www/auc/checheluka/views/header.jade"
Warning: missing space before text for line 11 of jade file "/var/www/auc/checheluka/views/goods.jade"
Warning: missing space before text for line 20 of jade file "/var/www/auc/checheluka/views/header.jade"
Warning: missing space before text for line 11 of jade file "/var/www/auc/checheluka/views/goods.jade"
Warning: missing space before text for line 20 of jade file "/var/www/auc/checheluka/views/header.jade"
Warning: missing space before text for line 11 of jade file "/var/www/auc/checheluka/views/goods.jade"
Warning: missing space before text for line 20 of jade file "/var/www/auc/checheluka/views/header.jade"
Warning: missing space before text for line 20 of jade file "/var/www/auc/checheluka/views/header.jade"
Warning: missing space before text for line 20 of jade file "/var/www/auc/checheluka/views/header.jade"
Warning: missing space before text for line 20 of jade file "/var/www/auc/checheluka/views/header.jade"
Warning: missing space before text for line 20 of jade file "/var/www/auc/checheluka/views/header.jade"
Warning: missing space before text for line 11 of jade file "/var/www/auc/checheluka/views/goods.jade"
Warning: missing space before text for line 20 of jade file "/var/www/auc/checheluka/views/header.jade"
Warning: missing space before text for line 11 of jade file "/var/www/auc/checheluka/views/goods.jade"
Warning: missing space before text for line 20 of jade file "/var/www/auc/checheluka/views/header.jade"
Warning: missing space before text for line 20 of jade file "/var/www/auc/checheluka/views/header.jade"
Warning: missing space before text for line 11 of jade file "/var/www/auc/checheluka/views/goods.jade"
Warning: missing space before text for line 20 of jade file "/var/www/auc/checheluka/views/header.jade"
Warning: missing space before text for line 20 of jade file "/var/www/auc/checheluka/views/header.jade"
Warning: missing space before text for line 20 of jade file "/var/www/auc/checheluka/views/header.jade"
Warning: missing space before text for line 20 of jade file "/var/www/auc/checheluka/views/header.jade"
Warning: missing space before text for line 20 of jade file "/var/www/auc/checheluka/views/header.jade"
Warning: missing space before text for line 20 of jade file "/var/www/auc/checheluka/views/header.jade"
Warning: missing space before text for line 11 of jade file "/var/www/auc/checheluka/views/goods.jade"
Warning: missing space before text for line 20 of jade file "/var/www/auc/checheluka/views/header.jade"
Warning: missing space before text for line 20 of jade file "/var/www/auc/checheluka/views/header.jade"
Warning: missing space before text for line 11 of jade file "/var/www/auc/checheluka/views/goods.jade"
Warning: missing space before text for line 20 of jade file "/var/www/auc/checheluka/views/header.jade"
Warning: missing space before text for line 20 of jade file "/var/www/auc/checheluka/views/header.jade"
Warning: missing space before text for line 20 of jade file "/var/www/auc/checheluka/views/header.jade"
Warning: missing space before text for line 20 of jade file "/var/www/auc/checheluka/views/header.jade"
Warning: missing space before text for line 20 of jade file "/var/www/auc/checheluka/views/header.jade"
Warning: missing space before text for line 11 of jade file "/var/www/auc/checheluka/views/goods.jade"
Warning: missing space before text for line 20 of jade file "/var/www/auc/checheluka/views/header.jade"
Warning: missing space before text for line 20 of jade file "/var/www/auc/checheluka/views/header.jade"
Warning: missing space before text for line 20 of jade file "/var/www/auc/checheluka/views/header.jade"
Warning: missing space before text for line 11 of jade file "/var/www/auc/checheluka/views/goods.jade"
Warning: missing space before text for line 20 of jade file "/var/www/auc/checheluka/views/header.jade"
Warning: missing space before text for line 20 of jade file "/var/www/auc/checheluka/views/header.jade"
Warning: missing space before text for line 20 of jade file "/var/www/auc/checheluka/views/header.jade"
Warning: missing space before text for line 20 of jade file "/var/www/auc/checheluka/views/header.jade"
Warning: missing space before text for line 11 of jade file "/var/www/auc/checheluka/views/goods.jade"
Warning: missing space before text for line 20 of jade file "/var/www/auc/checheluka/views/header.jade"
Warning: missing space before text for line 11 of jade file "/var/www/auc/checheluka/views/goods.jade"
Warning: missing space before text for line 20 of jade file "/var/www/auc/checheluka/views/header.jade"
Warning: missing space before text for line 20 of jade file "/var/www/auc/checheluka/views/header.jade"
Warning: missing space before text for line 20 of jade file "/var/www/auc/checheluka/views/header.jade"
Warning: missing space before text for line 20 of jade file "/var/www/auc/checheluka/views/header.jade"
Warning: missing space before text for line 11 of jade file "/var/www/auc/checheluka/views/goods.jade"
Warning: missing space before text for line 20 of jade file "/var/www/auc/checheluka/views/header.jade"
Warning: missing space before text for line 20 of jade file "/var/www/auc/checheluka/views/header.jade"
Warning: missing space before text for line 20 of jade file "/var/www/auc/checheluka/views/header.jade"
Warning: missing space before text for line 20 of jade file "/var/www/auc/checheluka/views/header.jade"
Warning: missing space before text for line 11 of jade file "/var/www/auc/checheluka/views/goods.jade"
Warning: missing space before text for line 20 of jade file "/var/www/auc/checheluka/views/header.jade"
Warning: missing space before text for line 115 of jade file "/var/www/auc/checheluka/views/manage/print_order.jade"
Warning: missing space before text for line 139 of jade file "/var/www/auc/checheluka/views/manage/print_order.jade"
Warning: missing space before text for line 20 of jade file "/var/www/auc/checheluka/views/header.jade"
Warning: missing space before text for line 20 of jade file "/var/www/auc/checheluka/views/header.jade"
Warning: missing space before text for line 20 of jade file "/var/www/auc/checheluka/views/header.jade"
Warning: missing space before text for line 11 of jade file "/var/www/auc/checheluka/views/goods.jade"
Warning: missing space before text for line 20 of jade file "/var/www/auc/checheluka/views/header.jade"
Warning: missing space before text for line 20 of jade file "/var/www/auc/checheluka/views/header.jade"
Warning: missing space before text for line 20 of jade file "/var/www/auc/checheluka/views/header.jade"
Warning: missing space before text for line 20 of jade file "/var/www/auc/checheluka/views/header.jade"
Warning: missing space before text for line 20 of jade file "/var/www/auc/checheluka/views/header.jade"
Warning: missing space before text for line 20 of jade file "/var/www/auc/checheluka/views/header.jade"
Warning: missing space before text for line 20 of jade file "/var/www/auc/checheluka/views/header.jade"
Warning: missing space before text for line 11 of jade file "/var/www/auc/checheluka/views/goods.jade"
Warning: missing space before text for line 20 of jade file "/var/www/auc/checheluka/views/header.jade"
Warning: missing space before text for line 20 of jade file "/var/www/auc/checheluka/views/header.jade"
Warning: missing space before text for line 20 of jade file "/var/www/auc/checheluka/views/header.jade"
Warning: missing space before text for line 20 of jade file "/var/www/auc/checheluka/views/header.jade"
Warning: missing space before text for line 11 of jade file "/var/www/auc/checheluka/views/goods.jade"
Warning: missing space before text for line 20 of jade file "/var/www/auc/checheluka/views/header.jade"
Warning: missing space before text for line 20 of jade file "/var/www/auc/checheluka/views/header.jade"
Warning: missing space before text for line 11 of jade file "/var/www/auc/checheluka/views/goods.jade"
Warning: missing space before text for line 20 of jade file "/var/www/auc/checheluka/views/header.jade"
Warning: missing space before text for line 20 of jade file "/var/www/auc/checheluka/views/header.jade"
Warning: missing space before text for line 20 of jade file "/var/www/auc/checheluka/views/header.jade"
Warning: missing space before text for line 11 of jade file "/var/www/auc/checheluka/views/goods.jade"
Warning: missing space before text for line 115 of jade file "/var/www/auc/checheluka/views/manage/print_order.jade"
Warning: missing space before text for line 139 of jade file "/var/www/auc/checheluka/views/manage/print_order.jade"
Warning: missing space before text for line 20 of jade file "/var/www/auc/checheluka/views/header.jade"
Warning: missing space before text for line 115 of jade file "/var/www/auc/checheluka/views/manage/print_order.jade"
Warning: missing space before text for line 139 of jade file "/var/www/auc/checheluka/views/manage/print_order.jade"
Warning: missing space before text for line 115 of jade file "/var/www/auc/checheluka/views/manage/print_order.jade"
Warning: missing space before text for line 139 of jade file "/var/www/auc/checheluka/views/manage/print_order.jade"
Warning: missing space before text for line 20 of jade file "/var/www/auc/checheluka/views/header.jade"
Warning: missing space before text for line 20 of jade file "/var/www/auc/checheluka/views/header.jade"
Warning: missing space before text for line 20 of jade file "/var/www/auc/checheluka/views/header.jade"
Warning: missing space before text for line 20 of jade file "/var/www/auc/checheluka/views/header.jade"
Warning: missing space before text for line 20 of jade file "/var/www/auc/checheluka/views/header.jade"
Warning: missing space before text for line 11 of jade file "/var/www/auc/checheluka/views/goods.jade"
Warning: missing space before text for line 20 of jade file "/var/www/auc/checheluka/views/header.jade"
Warning: missing space before text for line 20 of jade file "/var/www/auc/checheluka/views/header.jade"
Warning: missing space before text for line 20 of jade file "/var/www/auc/checheluka/views/header.jade"
Warning: missing space before text for line 20 of jade file "/var/www/auc/checheluka/views/header.jade"
Warning: missing space before text for line 11 of jade file "/var/www/auc/checheluka/views/goods.jade"
Warning: missing space before text for line 20 of jade file "/var/www/auc/checheluka/views/header.jade"
Warning: missing space before text for line 20 of jade file "/var/www/auc/checheluka/views/header.jade"
Warning: missing space before text for line 20 of jade file "/var/www/auc/checheluka/views/header.jade"
Warning: missing space before text for line 11 of jade file "/var/www/auc/checheluka/views/goods.jade"
Warning: missing space before text for line 20 of jade file "/var/www/auc/checheluka/views/header.jade"
Warning: missing space before text for line 20 of jade file "/var/www/auc/checheluka/views/header.jade"
Warning: missing space before text for line 20 of jade file "/var/www/auc/checheluka/views/header.jade"
Warning: missing space before text for line 20 of jade file "/var/www/auc/checheluka/views/header.jade"
Warning: missing space before text for line 20 of jade file "/var/www/auc/checheluka/views/header.jade"
Warning: missing space before text for line 20 of jade file "/var/www/auc/checheluka/views/header.jade"
Warning: missing space before text for line 20 of jade file "/var/www/auc/checheluka/views/header.jade"
Warning: missing space before text for line 20 of jade file "/var/www/auc/checheluka/views/header.jade"
Warning: missing space before text for line 20 of jade file "/var/www/auc/checheluka/views/header.jade"
Warning: missing space before text for line 20 of jade file "/var/www/auc/checheluka/views/header.jade"
Warning: missing space before text for line 20 of jade file "/var/www/auc/checheluka/views/header.jade"
Warning: missing space before text for line 20 of jade file "/var/www/auc/checheluka/views/header.jade"
Warning: missing space before text for line 20 of jade file "/var/www/auc/checheluka/views/header.jade"
Warning: missing space before text for line 20 of jade file "/var/www/auc/checheluka/views/header.jade"
Warning: missing space before text for line 20 of jade file "/var/www/auc/checheluka/views/header.jade"
Warning: missing space before text for line 20 of jade file "/var/www/auc/checheluka/views/header.jade"
Warning: missing space before text for line 20 of jade file "/var/www/auc/checheluka/views/header.jade"
Warning: missing space before text for line 20 of jade file "/var/www/auc/checheluka/views/header.jade"
Warning: missing space before text for line 11 of jade file "/var/www/auc/checheluka/views/goods.jade"
Warning: missing space before text for line 20 of jade file "/var/www/auc/checheluka/views/header.jade"
Warning: missing space before text for line 20 of jade file "/var/www/auc/checheluka/views/header.jade"
Warning: missing space before text for line 20 of jade file "/var/www/auc/checheluka/views/header.jade"
Warning: missing space before text for line 20 of jade file "/var/www/auc/checheluka/views/header.jade"
Warning: missing space before text for line 20 of jade file "/var/www/auc/checheluka/views/header.jade"
Warning: missing space before text for line 20 of jade file "/var/www/auc/checheluka/views/header.jade"
Warning: missing space before text for line 20 of jade file "/var/www/auc/checheluka/views/header.jade"
Warning: missing space before text for line 11 of jade file "/var/www/auc/checheluka/views/goods.jade"
Warning: missing space before text for line 20 of jade file "/var/www/auc/checheluka/views/header.jade"
Warning: missing space before text for line 20 of jade file "/var/www/auc/checheluka/views/header.jade"
Warning: missing space before text for line 11 of jade file "/var/www/auc/checheluka/views/goods.jade"
Warning: missing space before text for line 20 of jade file "/var/www/auc/checheluka/views/header.jade"
Warning: missing space before text for line 20 of jade file "/var/www/auc/checheluka/views/header.jade"
Warning: missing space before text for line 20 of jade file "/var/www/auc/checheluka/views/header.jade"
Warning: missing space before text for line 11 of jade file "/var/www/auc/checheluka/views/goods.jade"
Warning: missing space before text for line 20 of jade file "/var/www/auc/checheluka/views/header.jade"
Warning: missing space before text for line 20 of jade file "/var/www/auc/checheluka/views/header.jade"
Warning: missing space before text for line 20 of jade file "/var/www/auc/checheluka/views/header.jade"
Warning: missing space before text for line 20 of jade file "/var/www/auc/checheluka/views/header.jade"
Warning: missing space before text for line 11 of jade file "/var/www/auc/checheluka/views/goods.jade"
Warning: missing space before text for line 20 of jade file "/var/www/auc/checheluka/views/header.jade"
Warning: missing space before text for line 11 of jade file "/var/www/auc/checheluka/views/goods.jade"
Warning: missing space before text for line 20 of jade file "/var/www/auc/checheluka/views/header.jade"
Warning: missing space before text for line 20 of jade file "/var/www/auc/checheluka/views/header.jade"
Warning: missing space before text for line 11 of jade file "/var/www/auc/checheluka/views/goods.jade"
Warning: missing space before text for line 20 of jade file "/var/www/auc/checheluka/views/header.jade"
Warning: missing space before text for line 20 of jade file "/var/www/auc/checheluka/views/header.jade"
Warning: missing space before text for line 20 of jade file "/var/www/auc/checheluka/views/header.jade"
Warning: missing space before text for line 20 of jade file "/var/www/auc/checheluka/views/header.jade"
Warning: missing space before text for line 20 of jade file "/var/www/auc/checheluka/views/header.jade"
Warning: missing space before text for line 20 of jade file "/var/www/auc/checheluka/views/header.jade"
Warning: missing space before text for line 11 of jade file "/var/www/auc/checheluka/views/goods.jade"
Warning: missing space before text for line 20 of jade file "/var/www/auc/checheluka/views/header.jade"
Warning: missing space before text for line 20 of jade file "/var/www/auc/checheluka/views/header.jade"
Warning: missing space before text for line 20 of jade file "/var/www/auc/checheluka/views/header.jade"
Warning: missing space before text for line 20 of jade file "/var/www/auc/checheluka/views/header.jade"
Warning: missing space before text for line 20 of jade file "/var/www/auc/checheluka/views/header.jade"
Warning: missing space before text for line 11 of jade file "/var/www/auc/checheluka/views/goods.jade"
Warning: missing space before text for line 20 of jade file "/var/www/auc/checheluka/views/header.jade"
Warning: missing space before text for line 11 of jade file "/var/www/auc/checheluka/views/goods.jade"
Warning: missing space before text for line 20 of jade file "/var/www/auc/checheluka/views/header.jade"
Warning: missing space before text for line 20 of jade file "/var/www/auc/checheluka/views/header.jade"
Warning: missing space before text for line 11 of jade file "/var/www/auc/checheluka/views/goods.jade"
Warning: missing space before text for line 20 of jade file "/var/www/auc/checheluka/views/header.jade"
Warning: missing space before text for line 20 of jade file "/var/www/auc/checheluka/views/header.jade"
Warning: missing space before text for line 20 of jade file "/var/www/auc/checheluka/views/header.jade"
Warning: missing space before text for line 20 of jade file "/var/www/auc/checheluka/views/header.jade"
Warning: missing space before text for line 11 of jade file "/var/www/auc/checheluka/views/goods.jade"
Warning: missing space before text for line 20 of jade file "/var/www/auc/checheluka/views/header.jade"
Warning: missing space before text for line 20 of jade file "/var/www/auc/checheluka/views/header.jade"
Warning: missing space before text for line 11 of jade file "/var/www/auc/checheluka/views/goods.jade"
Warning: missing space before text for line 20 of jade file "/var/www/auc/checheluka/views/header.jade"
Warning: missing space before text for line 20 of jade file "/var/www/auc/checheluka/views/header.jade"
Warning: missing space before text for line 11 of jade file "/var/www/auc/checheluka/views/goods.jade"
Warning: missing space before text for line 20 of jade file "/var/www/auc/checheluka/views/header.jade"
Warning: missing space before text for line 20 of jade file "/var/www/auc/checheluka/views/header.jade"
Warning: missing space before text for line 11 of jade file "/var/www/auc/checheluka/views/goods.jade"
Warning: missing space before text for line 20 of jade file "/var/www/auc/checheluka/views/header.jade"
/var/www/auc/checheluka/middleware/socketFrontController.js:365
    var countIwWarehouse = auction.lot.countInWarehouse - auction.count;
                                  ^

TypeError: Cannot read property 'lot' of undefined
    at socketFrontController.sendNotifyThatAuctionFinished (/var/www/auc/checheluka/middleware/socketFrontController.js:365:35)
    at AuctionModule.Module.dispatchEvent (/var/www/auc/checheluka/middleware/core/module.js:38:50)
    at AuctionModule.dispatchEvent (/var/www/auc/checheluka/middleware/modules/Auction/AuctionModule.js:211:18)
    at AuctionModule.setToExpired (/var/www/auc/checheluka/middleware/modules/Auction/AuctionModule.js:43:14)
    at Timeout.func (/var/www/auc/checheluka/middleware/modules/Auction/models/Auction.js:41:13)
    at ontimeout (timers.js:365:14)
    at tryOnTimeout (timers.js:237:5)
    at Timer.listOnTimeout (timers.js:207:5)
Warning: missing space before text for line 20 of jade file "/var/www/auc/checheluka/views/header.jade"
Warning: missing space before text for line 20 of jade file "/var/www/auc/checheluka/views/header.jade"
Warning: missing space before text for line 20 of jade file "/var/www/auc/checheluka/views/header.jade"
Warning: missing space before text for line 20 of jade file "/var/www/auc/checheluka/views/header.jade"
Warning: missing space before text for line 20 of jade file "/var/www/auc/checheluka/views/header.jade"
Warning: missing space before text for line 20 of jade file "/var/www/auc/checheluka/views/header.jade"
Warning: missing space before text for line 20 of jade file "/var/www/auc/checheluka/views/header.jade"
Warning: missing space before text for line 20 of jade file "/var/www/auc/checheluka/views/header.jade"
Warning: missing space before text for line 20 of jade file "/var/www/auc/checheluka/views/header.jade"
Warning: missing space before text for line 20 of jade file "/var/www/auc/checheluka/views/header.jade"
Warning: missing space before text for line 11 of jade file "/var/www/auc/checheluka/views/goods.jade"
Warning: missing space before text for line 20 of jade file "/var/www/auc/checheluka/views/header.jade"
Warning: missing space before text for line 20 of jade file "/var/www/auc/checheluka/views/header.jade"
Warning: missing space before text for line 11 of jade file "/var/www/auc/checheluka/views/goods.jade"
Warning: missing space before text for line 20 of jade file "/var/www/auc/checheluka/views/header.jade"
Warning: missing space before text for line 20 of jade file "/var/www/auc/checheluka/views/header.jade"
Warning: missing space before text for line 20 of jade file "/var/www/auc/checheluka/views/header.jade"
Warning: missing space before text for line 20 of jade file "/var/www/auc/checheluka/views/header.jade"
Warning: missing space before text for line 20 of jade file "/var/www/auc/checheluka/views/header.jade"
Warning: missing space before text for line 20 of jade file "/var/www/auc/checheluka/views/header.jade"
Warning: missing space before text for line 20 of jade file "/var/www/auc/checheluka/views/header.jade"
Warning: missing space before text for line 20 of jade file "/var/www/auc/checheluka/views/header.jade"
Warning: missing space before text for line 11 of jade file "/var/www/auc/checheluka/views/goods.jade"
Warning: missing space before text for line 20 of jade file "/var/www/auc/checheluka/views/header.jade"
Warning: missing space before text for line 20 of jade file "/var/www/auc/checheluka/views/header.jade"
Warning: missing space before text for line 20 of jade file "/var/www/auc/checheluka/views/header.jade"
Warning: missing space before text for line 20 of jade file "/var/www/auc/checheluka/views/header.jade"
Warning: missing space before text for line 20 of jade file "/var/www/auc/checheluka/views/header.jade"
Warning: missing space before text for line 11 of jade file "/var/www/auc/checheluka/views/goods.jade"
Warning: missing space before text for line 20 of jade file "/var/www/auc/checheluka/views/header.jade"
Warning: missing space before text for line 20 of jade file "/var/www/auc/checheluka/views/header.jade"
Warning: missing space before text for line 20 of jade file "/var/www/auc/checheluka/views/header.jade"
Warning: missing space before text for line 11 of jade file "/var/www/auc/checheluka/views/goods.jade"
Warning: missing space before text for line 20 of jade file "/var/www/auc/checheluka/views/header.jade"
Warning: missing space before text for line 20 of jade file "/var/www/auc/checheluka/views/header.jade"
Warning: missing space before text for line 20 of jade file "/var/www/auc/checheluka/views/header.jade"
Warning: missing space before text for line 20 of jade file "/var/www/auc/checheluka/views/header.jade"
Warning: missing space before text for line 11 of jade file "/var/www/auc/checheluka/views/goods.jade"
Warning: missing space before text for line 20 of jade file "/var/www/auc/checheluka/views/header.jade"
Warning: missing space before text for line 20 of jade file "/var/www/auc/checheluka/views/header.jade"
Warning: missing space before text for line 20 of jade file "/var/www/auc/checheluka/views/header.jade"
Warning: missing space before text for line 20 of jade file "/var/www/auc/checheluka/views/header.jade"
Warning: missing space before text for line 20 of jade file "/var/www/auc/checheluka/views/header.jade"
Warning: missing space before text for line 20 of jade file "/var/www/auc/checheluka/views/header.jade"
Warning: missing space before text for line 11 of jade file "/var/www/auc/checheluka/views/goods.jade"
Warning: missing space before text for line 20 of jade file "/var/www/auc/checheluka/views/header.jade"
Warning: missing space before text for line 20 of jade file "/var/www/auc/checheluka/views/header.jade"
Warning: missing space before text for line 20 of jade file "/var/www/auc/checheluka/views/header.jade"
Warning: missing space before text for line 20 of jade file "/var/www/auc/checheluka/views/header.jade"
Warning: missing space before text for line 20 of jade file "/var/www/auc/checheluka/views/header.jade"
Warning: missing space before text for line 20 of jade file "/var/www/auc/checheluka/views/header.jade"
Warning: missing space before text for line 20 of jade file "/var/www/auc/checheluka/views/header.jade"
Warning: missing space before text for line 20 of jade file "/var/www/auc/checheluka/views/header.jade"
Warning: missing space before text for line 20 of jade file "/var/www/auc/checheluka/views/header.jade"
Warning: missing space before text for line 20 of jade file "/var/www/auc/checheluka/views/header.jade"
Warning: missing space before text for line 20 of jade file "/var/www/auc/checheluka/views/header.jade"
Warning: missing space before text for line 20 of jade file "/var/www/auc/checheluka/views/header.jade"
Warning: missing space before text for line 20 of jade file "/var/www/auc/checheluka/views/header.jade"
Warning: missing space before text for line 20 of jade file "/var/www/auc/checheluka/views/header.jade"
Warning: missing space before text for line 11 of jade file "/var/www/auc/checheluka/views/goods.jade"
Warning: missing space before text for line 20 of jade file "/var/www/auc/checheluka/views/header.jade"
Warning: missing space before text for line 11 of jade file "/var/www/auc/checheluka/views/goods.jade"
Warning: missing space before text for line 20 of jade file "/var/www/auc/checheluka/views/header.jade"
Warning: missing space before text for line 11 of jade file "/var/www/auc/checheluka/views/goods.jade"
Warning: missing space before text for line 20 of jade file "/var/www/auc/checheluka/views/header.jade"
Warning: missing space before text for line 20 of jade file "/var/www/auc/checheluka/views/header.jade"
Warning: missing space before text for line 20 of jade file "/var/www/auc/checheluka/views/header.jade"
Warning: missing space before text for line 11 of jade file "/var/www/auc/checheluka/views/goods.jade"
Warning: missing space before text for line 20 of jade file "/var/www/auc/checheluka/views/header.jade"
Warning: missing space before text for line 11 of jade file "/var/www/auc/checheluka/views/goods.jade"
Warning: missing space before text for line 20 of jade file "/var/www/auc/checheluka/views/header.jade"
Warning: missing space before text for line 11 of jade file "/var/www/auc/checheluka/views/goods.jade"
Warning: missing space before text for line 20 of jade file "/var/www/auc/checheluka/views/header.jade"
Warning: missing space before text for line 11 of jade file "/var/www/auc/checheluka/views/goods.jade"
Warning: missing space before text for line 20 of jade file "/var/www/auc/checheluka/views/header.jade"
Warning: missing space before text for line 20 of jade file "/var/www/auc/checheluka/views/header.jade"
Warning: missing space before text for line 11 of jade file "/var/www/auc/checheluka/views/goods.jade"
Warning: missing space before text for line 20 of jade file "/var/www/auc/checheluka/views/header.jade"
Warning: missing space before text for line 20 of jade file "/var/www/auc/checheluka/views/header.jade"
Warning: missing space before text for line 11 of jade file "/var/www/auc/checheluka/views/goods.jade"
Warning: missing space before text for line 20 of jade file "/var/www/auc/checheluka/views/header.jade"
Warning: missing space before text for line 20 of jade file "/var/www/auc/checheluka/views/header.jade"
Warning: missing space before text for line 11 of jade file "/var/www/auc/checheluka/views/goods.jade"
Warning: missing space before text for line 20 of jade file "/var/www/auc/checheluka/views/header.jade"
Warning: missing space before text for line 20 of jade file "/var/www/auc/checheluka/views/header.jade"
Warning: missing space before text for line 20 of jade file "/var/www/auc/checheluka/views/header.jade"
Warning: missing space before text for line 11 of jade file "/var/www/auc/checheluka/views/goods.jade"
Warning: missing space before text for line 20 of jade file "/var/www/auc/checheluka/views/header.jade"
Warning: missing space before text for line 11 of jade file "/var/www/auc/checheluka/views/goods.jade"
Warning: missing space before text for line 20 of jade file "/var/www/auc/checheluka/views/header.jade"
Warning: missing space before text for line 20 of jade file "/var/www/auc/checheluka/views/header.jade"
Warning: missing space before text for line 11 of jade file "/var/www/auc/checheluka/views/goods.jade"
Warning: missing space before text for line 20 of jade file "/var/www/auc/checheluka/views/header.jade"
Warning: missing space before text for line 11 of jade file "/var/www/auc/checheluka/views/goods.jade"
Warning: missing space before text for line 20 of jade file "/var/www/auc/checheluka/views/header.jade"
Warning: missing space before text for line 20 of jade file "/var/www/auc/checheluka/views/header.jade"
Warning: missing space before text for line 20 of jade file "/var/www/auc/checheluka/views/header.jade"
Warning: missing space before text for line 11 of jade file "/var/www/auc/checheluka/views/goods.jade"
Warning: missing space before text for line 20 of jade file "/var/www/auc/checheluka/views/header.jade"
Warning: missing space before text for line 20 of jade file "/var/www/auc/checheluka/views/header.jade"
Warning: missing space before text for line 11 of jade file "/var/www/auc/checheluka/views/goods.jade"
Warning: missing space before text for line 20 of jade file "/var/www/auc/checheluka/views/header.jade"
Warning: missing space before text for line 20 of jade file "/var/www/auc/checheluka/views/header.jade"
Warning: missing space before text for line 11 of jade file "/var/www/auc/checheluka/views/goods.jade"
Warning: missing space before text for line 20 of jade file "/var/www/auc/checheluka/views/header.jade"
Warning: missing space before text for line 20 of jade file "/var/www/auc/checheluka/views/header.jade"
Warning: missing space before text for line 11 of jade file "/var/www/auc/checheluka/views/goods.jade"
Warning: missing space before text for line 20 of jade file "/var/www/auc/checheluka/views/header.jade"
Warning: missing space before text for line 20 of jade file "/var/www/auc/checheluka/views/header.jade"
Warning: missing space before text for line 20 of jade file "/var/www/auc/checheluka/views/header.jade"
Warning: missing space before text for line 11 of jade file "/var/www/auc/checheluka/views/goods.jade"
Warning: missing space before text for line 20 of jade file "/var/www/auc/checheluka/views/header.jade"
Warning: missing space before text for line 11 of jade file "/var/www/auc/checheluka/views/goods.jade"
Warning: missing space before text for line 20 of jade file "/var/www/auc/checheluka/views/header.jade"
Warning: missing space before text for line 20 of jade file "/var/www/auc/checheluka/views/header.jade"
Warning: missing space before text for line 20 of jade file "/var/www/auc/checheluka/views/header.jade"
Warning: missing space before text for line 20 of jade file "/var/www/auc/checheluka/views/header.jade"
Warning: missing space before text for line 20 of jade file "/var/www/auc/checheluka/views/header.jade"
Warning: missing space before text for line 20 of jade file "/var/www/auc/checheluka/views/header.jade"
Warning: missing space before text for line 20 of jade file "/var/www/auc/checheluka/views/header.jade"
Warning: missing space before text for line 20 of jade file "/var/www/auc/checheluka/views/header.jade"
Warning: missing space before text for line 20 of jade file "/var/www/auc/checheluka/views/header.jade"
Warning: missing space before text for line 20 of jade file "/var/www/auc/checheluka/views/header.jade"
Warning: missing space before text for line 20 of jade file "/var/www/auc/checheluka/views/header.jade"
Warning: missing space before text for line 20 of jade file "/var/www/auc/checheluka/views/header.jade"
Warning: missing space before text for line 20 of jade file "/var/www/auc/checheluka/views/header.jade"
Warning: missing space before text for line 11 of jade file "/var/www/auc/checheluka/views/goods.jade"
Warning: missing space before text for line 20 of jade file "/var/www/auc/checheluka/views/header.jade"
Warning: missing space before text for line 11 of jade file "/var/www/auc/checheluka/views/goods.jade"
Warning: missing space before text for line 20 of jade file "/var/www/auc/checheluka/views/header.jade"
Warning: missing space before text for line 20 of jade file "/var/www/auc/checheluka/views/header.jade"
Warning: missing space before text for line 20 of jade file "/var/www/auc/checheluka/views/header.jade"
Warning: missing space before text for line 11 of jade file "/var/www/auc/checheluka/views/goods.jade"
Warning: missing space before text for line 20 of jade file "/var/www/auc/checheluka/views/header.jade"
Warning: missing space before text for line 20 of jade file "/var/www/auc/checheluka/views/header.jade"
Warning: missing space before text for line 20 of jade file "/var/www/auc/checheluka/views/header.jade"
Warning: missing space before text for line 20 of jade file "/var/www/auc/checheluka/views/header.jade"
Warning: missing space before text for line 20 of jade file "/var/www/auc/checheluka/views/header.jade"
Warning: missing space before text for line 20 of jade file "/var/www/auc/checheluka/views/header.jade"
Warning: missing space before text for line 11 of jade file "/var/www/auc/checheluka/views/goods.jade"
Warning: missing space before text for line 20 of jade file "/var/www/auc/checheluka/views/header.jade"
Warning: missing space before text for line 20 of jade file "/var/www/auc/checheluka/views/header.jade"
Warning: missing space before text for line 20 of jade file "/var/www/auc/checheluka/views/header.jade"
Warning: missing space before text for line 20 of jade file "/var/www/auc/checheluka/views/header.jade"
Warning: missing space before text for line 11 of jade file "/var/www/auc/checheluka/views/goods.jade"
Warning: missing space before text for line 20 of jade file "/var/www/auc/checheluka/views/header.jade"
Warning: missing space before text for line 20 of jade file "/var/www/auc/checheluka/views/header.jade"
Warning: missing space before text for line 20 of jade file "/var/www/auc/checheluka/views/header.jade"
Warning: missing space before text for line 20 of jade file "/var/www/auc/checheluka/views/header.jade"
Warning: missing space before text for line 20 of jade file "/var/www/auc/checheluka/views/header.jade"
Warning: missing space before text for line 20 of jade file "/var/www/auc/checheluka/views/header.jade"
Warning: missing space before text for line 11 of jade file "/var/www/auc/checheluka/views/goods.jade"
Warning: missing space before text for line 20 of jade file "/var/www/auc/checheluka/views/header.jade"
Warning: missing space before text for line 20 of jade file "/var/www/auc/checheluka/views/header.jade"
Warning: missing space before text for line 20 of jade file "/var/www/auc/checheluka/views/header.jade"
Warning: missing space before text for line 20 of jade file "/var/www/auc/checheluka/views/header.jade"
Warning: missing space before text for line 20 of jade file "/var/www/auc/checheluka/views/header.jade"
Warning: missing space before text for line 20 of jade file "/var/www/auc/checheluka/views/header.jade"
Warning: missing space before text for line 20 of jade file "/var/www/auc/checheluka/views/header.jade"
Warning: missing space before text for line 20 of jade file "/var/www/auc/checheluka/views/header.jade"
Warning: missing space before text for line 11 of jade file "/var/www/auc/checheluka/views/goods.jade"
Warning: missing space before text for line 115 of jade file "/var/www/auc/checheluka/views/manage/print_order.jade"
Warning: missing space before text for line 139 of jade file "/var/www/auc/checheluka/views/manage/print_order.jade"
Warning: missing space before text for line 115 of jade file "/var/www/auc/checheluka/views/manage/print_order.jade"
Warning: missing space before text for line 139 of jade file "/var/www/auc/checheluka/views/manage/print_order.jade"
Warning: missing space before text for line 20 of jade file "/var/www/auc/checheluka/views/header.jade"
Warning: missing space before text for line 11 of jade file "/var/www/auc/checheluka/views/goods.jade"
Warning: missing space before text for line 20 of jade file "/var/www/auc/checheluka/views/header.jade"
Warning: missing space before text for line 11 of jade file "/var/www/auc/checheluka/views/goods.jade"
Warning: missing space before text for line 115 of jade file "/var/www/auc/checheluka/views/manage/print_order.jade"
Warning: missing space before text for line 139 of jade file "/var/www/auc/checheluka/views/manage/print_order.jade"
Warning: missing space before text for line 20 of jade file "/var/www/auc/checheluka/views/header.jade"
Warning: missing space before text for line 20 of jade file "/var/www/auc/checheluka/views/header.jade"
Warning: missing space before text for line 20 of jade file "/var/www/auc/checheluka/views/header.jade"
Warning: missing space before text for line 20 of jade file "/var/www/auc/checheluka/views/header.jade"
Warning: missing space before text for line 115 of jade file "/var/www/auc/checheluka/views/manage/print_order.jade"
Warning: missing space before text for line 139 of jade file "/var/www/auc/checheluka/views/manage/print_order.jade"
Warning: missing space before text for line 20 of jade file "/var/www/auc/checheluka/views/header.jade"
Warning: missing space before text for line 115 of jade file "/var/www/auc/checheluka/views/manage/print_order.jade"
Warning: missing space before text for line 139 of jade file "/var/www/auc/checheluka/views/manage/print_order.jade"
Warning: missing space before text for line 20 of jade file "/var/www/auc/checheluka/views/header.jade"
Warning: missing space before text for line 20 of jade file "/var/www/auc/checheluka/views/header.jade"
Warning: missing space before text for line 20 of jade file "/var/www/auc/checheluka/views/header.jade"
Warning: missing space before text for line 20 of jade file "/var/www/auc/checheluka/views/header.jade"
Warning: missing space before text for line 115 of jade file "/var/www/auc/checheluka/views/manage/print_order.jade"
Warning: missing space before text for line 139 of jade file "/var/www/auc/checheluka/views/manage/print_order.jade"
Warning: missing space before text for line 115 of jade file "/var/www/auc/checheluka/views/manage/print_order.jade"
Warning: missing space before text for line 139 of jade file "/var/www/auc/checheluka/views/manage/print_order.jade"
Warning: missing space before text for line 20 of jade file "/var/www/auc/checheluka/views/header.jade"
Warning: missing space before text for line 20 of jade file "/var/www/auc/checheluka/views/header.jade"
Warning: missing space before text for line 20 of jade file "/var/www/auc/checheluka/views/header.jade"
Warning: missing space before text for line 11 of jade file "/var/www/auc/checheluka/views/goods.jade"
Warning: missing space before text for line 20 of jade file "/var/www/auc/checheluka/views/header.jade"
Warning: missing space before text for line 115 of jade file "/var/www/auc/checheluka/views/manage/print_order.jade"
Warning: missing space before text for line 139 of jade file "/var/www/auc/checheluka/views/manage/print_order.jade"
Warning: missing space before text for line 20 of jade file "/var/www/auc/checheluka/views/header.jade"
Warning: missing space before text for line 115 of jade file "/var/www/auc/checheluka/views/manage/print_order.jade"
Warning: missing space before text for line 139 of jade file "/var/www/auc/checheluka/views/manage/print_order.jade"
Warning: missing space before text for line 115 of jade file "/var/www/auc/checheluka/views/manage/print_order.jade"
Warning: missing space before text for line 139 of jade file "/var/www/auc/checheluka/views/manage/print_order.jade"
Warning: missing space before text for line 115 of jade file "/var/www/auc/checheluka/views/manage/print_order.jade"
Warning: missing space before text for line 139 of jade file "/var/www/auc/checheluka/views/manage/print_order.jade"
Warning: missing space before text for line 115 of jade file "/var/www/auc/checheluka/views/manage/print_order.jade"
Warning: missing space before text for line 139 of jade file "/var/www/auc/checheluka/views/manage/print_order.jade"
Warning: missing space before text for line 115 of jade file "/var/www/auc/checheluka/views/manage/print_order.jade"
Warning: missing space before text for line 139 of jade file "/var/www/auc/checheluka/views/manage/print_order.jade"
events.js:160
      throw er; // Unhandled 'error' event
      ^

Error: Can't set headers after they are sent.
    at ServerResponse.OutgoingMessage.setHeader (_http_outgoing.js:356:11)
    at ServerResponse.header (/var/www/auc/checheluka/node_modules/express/lib/response.js:718:10)
    at ServerResponse.send (/var/www/auc/checheluka/node_modules/express/lib/response.js:163:12)
    at ServerResponse.json (/var/www/auc/checheluka/node_modules/express/lib/response.js:249:15)
    at /var/www/auc/checheluka/routes/manage/order_one_edit.js:31:8
    at /var/www/auc/checheluka/node_modules/mongoose/lib/model.js:3381:16
    at /var/www/auc/checheluka/node_modules/mongoose/lib/document.js:1984:15
    at _combinedTickCallback (internal/process/next_tick.js:67:7)
    at process._tickCallback (internal/process/next_tick.js:98:9)
events.js:160
      throw er; // Unhandled 'error' event
      ^

Error: Can't set headers after they are sent.
    at ServerResponse.OutgoingMessage.setHeader (_http_outgoing.js:356:11)
    at ServerResponse.header (/var/www/auc/checheluka/node_modules/express/lib/response.js:718:10)
    at ServerResponse.send (/var/www/auc/checheluka/node_modules/express/lib/response.js:163:12)
    at ServerResponse.json (/var/www/auc/checheluka/node_modules/express/lib/response.js:249:15)
    at /var/www/auc/checheluka/routes/manage/order_one_edit.js:31:8
    at /var/www/auc/checheluka/node_modules/mongoose/lib/model.js:3381:16
    at /var/www/auc/checheluka/node_modules/mongoose/lib/document.js:1984:15
    at _combinedTickCallback (internal/process/next_tick.js:67:7)
    at process._tickCallback (internal/process/next_tick.js:98:9)
Warning: missing space before text for line 115 of jade file "/var/www/auc/checheluka/views/manage/print_order.jade"
Warning: missing space before text for line 139 of jade file "/var/www/auc/checheluka/views/manage/print_order.jade"
Warning: missing space before text for line 20 of jade file "/var/www/auc/checheluka/views/header.jade"
Warning: missing space before text for line 20 of jade file "/var/www/auc/checheluka/views/header.jade"
Warning: missing space before text for line 20 of jade file "/var/www/auc/checheluka/views/header.jade"
Warning: missing space before text for line 20 of jade file "/var/www/auc/checheluka/views/header.jade"
Warning: missing space before text for line 20 of jade file "/var/www/auc/checheluka/views/header.jade"
Warning: missing space before text for line 11 of jade file "/var/www/auc/checheluka/views/goods.jade"
Warning: missing space before text for line 20 of jade file "/var/www/auc/checheluka/views/header.jade"
Warning: missing space before text for line 11 of jade file "/var/www/auc/checheluka/views/goods.jade"
Warning: missing space before text for line 20 of jade file "/var/www/auc/checheluka/views/header.jade"
Warning: missing space before text for line 20 of jade file "/var/www/auc/checheluka/views/header.jade"
Warning: missing space before text for line 20 of jade file "/var/www/auc/checheluka/views/header.jade"
Warning: missing space before text for line 11 of jade file "/var/www/auc/checheluka/views/goods.jade"
Warning: missing space before text for line 20 of jade file "/var/www/auc/checheluka/views/header.jade"
Warning: missing space before text for line 20 of jade file "/var/www/auc/checheluka/views/header.jade"
Warning: missing space before text for line 11 of jade file "/var/www/auc/checheluka/views/goods.jade"
Warning: missing space before text for line 20 of jade file "/var/www/auc/checheluka/views/header.jade"
Warning: missing space before text for line 20 of jade file "/var/www/auc/checheluka/views/header.jade"
Warning: missing space before text for line 20 of jade file "/var/www/auc/checheluka/views/header.jade"
Warning: missing space before text for line 20 of jade file "/var/www/auc/checheluka/views/header.jade"
Warning: missing space before text for line 20 of jade file "/var/www/auc/checheluka/views/header.jade"
Warning: missing space before text for line 20 of jade file "/var/www/auc/checheluka/views/header.jade"
Warning: missing space before text for line 20 of jade file "/var/www/auc/checheluka/views/header.jade"
Warning: missing space before text for line 20 of jade file "/var/www/auc/checheluka/views/header.jade"
Warning: missing space before text for line 20 of jade file "/var/www/auc/checheluka/views/header.jade"
Warning: missing space before text for line 20 of jade file "/var/www/auc/checheluka/views/header.jade"
Warning: missing space before text for line 11 of jade file "/var/www/auc/checheluka/views/goods.jade"
Warning: missing space before text for line 20 of jade file "/var/www/auc/checheluka/views/header.jade"
Warning: missing space before text for line 20 of jade file "/var/www/auc/checheluka/views/header.jade"
Warning: missing space before text for line 20 of jade file "/var/www/auc/checheluka/views/header.jade"
Warning: missing space before text for line 11 of jade file "/var/www/auc/checheluka/views/goods.jade"
Warning: missing space before text for line 20 of jade file "/var/www/auc/checheluka/views/header.jade"
Warning: missing space before text for line 20 of jade file "/var/www/auc/checheluka/views/header.jade"
Warning: missing space before text for line 20 of jade file "/var/www/auc/checheluka/views/header.jade"
Warning: missing space before text for line 20 of jade file "/var/www/auc/checheluka/views/header.jade"
Warning: missing space before text for line 20 of jade file "/var/www/auc/checheluka/views/header.jade"
Warning: missing space before text for line 11 of jade file "/var/www/auc/checheluka/views/goods.jade"
Warning: missing space before text for line 20 of jade file "/var/www/auc/checheluka/views/header.jade"
Warning: missing space before text for line 20 of jade file "/var/www/auc/checheluka/views/header.jade"
Warning: missing space before text for line 11 of jade file "/var/www/auc/checheluka/views/goods.jade"
Warning: missing space before text for line 20 of jade file "/var/www/auc/checheluka/views/header.jade"
Warning: missing space before text for line 11 of jade file "/var/www/auc/checheluka/views/goods.jade"
Warning: missing space before text for line 20 of jade file "/var/www/auc/checheluka/views/header.jade"
Warning: missing space before text for line 20 of jade file "/var/www/auc/checheluka/views/header.jade"
Warning: missing space before text for line 20 of jade file "/var/www/auc/checheluka/views/header.jade"
Warning: missing space before text for line 20 of jade file "/var/www/auc/checheluka/views/header.jade"
Warning: missing space before text for line 20 of jade file "/var/www/auc/checheluka/views/header.jade"
Warning: missing space before text for line 11 of jade file "/var/www/auc/checheluka/views/goods.jade"
Warning: missing space before text for line 20 of jade file "/var/www/auc/checheluka/views/header.jade"
Warning: missing space before text for line 20 of jade file "/var/www/auc/checheluka/views/header.jade"
Warning: missing space before text for line 11 of jade file "/var/www/auc/checheluka/views/goods.jade"
Warning: missing space before text for line 20 of jade file "/var/www/auc/checheluka/views/header.jade"
Warning: missing space before text for line 11 of jade file "/var/www/auc/checheluka/views/goods.jade"
Warning: missing space before text for line 20 of jade file "/var/www/auc/checheluka/views/header.jade"
Warning: missing space before text for line 20 of jade file "/var/www/auc/checheluka/views/header.jade"
Warning: missing space before text for line 20 of jade file "/var/www/auc/checheluka/views/header.jade"
Warning: missing space before text for line 20 of jade file "/var/www/auc/checheluka/views/header.jade"
Warning: missing space before text for line 11 of jade file "/var/www/auc/checheluka/views/goods.jade"
Warning: missing space before text for line 20 of jade file "/var/www/auc/checheluka/views/header.jade"
Warning: missing space before text for line 20 of jade file "/var/www/auc/checheluka/views/header.jade"
Warning: missing space before text for line 11 of jade file "/var/www/auc/checheluka/views/goods.jade"
Warning: missing space before text for line 20 of jade file "/var/www/auc/checheluka/views/header.jade"
Warning: missing space before text for line 20 of jade file "/var/www/auc/checheluka/views/header.jade"
Warning: missing space before text for line 11 of jade file "/var/www/auc/checheluka/views/goods.jade"
Warning: missing space before text for line 20 of jade file "/var/www/auc/checheluka/views/header.jade"
Warning: missing space before text for line 20 of jade file "/var/www/auc/checheluka/views/header.jade"
Warning: missing space before text for line 20 of jade file "/var/www/auc/checheluka/views/header.jade"
Warning: missing space before text for line 20 of jade file "/var/www/auc/checheluka/views/header.jade"
Warning: missing space before text for line 20 of jade file "/var/www/auc/checheluka/views/header.jade"
Warning: missing space before text for line 20 of jade file "/var/www/auc/checheluka/views/header.jade"
Warning: missing space before text for line 20 of jade file "/var/www/auc/checheluka/views/header.jade"
Warning: missing space before text for line 20 of jade file "/var/www/auc/checheluka/views/header.jade"
Warning: missing space before text for line 20 of jade file "/var/www/auc/checheluka/views/header.jade"
Warning: missing space before text for line 11 of jade file "/var/www/auc/checheluka/views/goods.jade"
Warning: missing space before text for line 20 of jade file "/var/www/auc/checheluka/views/header.jade"
Warning: missing space before text for line 11 of jade file "/var/www/auc/checheluka/views/goods.jade"
Warning: missing space before text for line 20 of jade file "/var/www/auc/checheluka/views/header.jade"
Warning: missing space before text for line 20 of jade file "/var/www/auc/checheluka/views/header.jade"
Warning: missing space before text for line 20 of jade file "/var/www/auc/checheluka/views/header.jade"
Warning: missing space before text for line 11 of jade file "/var/www/auc/checheluka/views/goods.jade"
Warning: missing space before text for line 20 of jade file "/var/www/auc/checheluka/views/header.jade"
Warning: missing space before text for line 20 of jade file "/var/www/auc/checheluka/views/header.jade"
Warning: missing space before text for line 115 of jade file "/var/www/auc/checheluka/views/manage/print_order.jade"
Warning: missing space before text for line 139 of jade file "/var/www/auc/checheluka/views/manage/print_order.jade"
Warning: missing space before text for line 115 of jade file "/var/www/auc/checheluka/views/manage/print_order.jade"
Warning: missing space before text for line 139 of jade file "/var/www/auc/checheluka/views/manage/print_order.jade"
Warning: missing space before text for line 115 of jade file "/var/www/auc/checheluka/views/manage/print_order.jade"
Warning: missing space before text for line 139 of jade file "/var/www/auc/checheluka/views/manage/print_order.jade"
Warning: missing space before text for line 20 of jade file "/var/www/auc/checheluka/views/header.jade"
Warning: missing space before text for line 115 of jade file "/var/www/auc/checheluka/views/manage/print_order.jade"
Warning: missing space before text for line 139 of jade file "/var/www/auc/checheluka/views/manage/print_order.jade"
Warning: missing space before text for line 20 of jade file "/var/www/auc/checheluka/views/header.jade"
Warning: missing space before text for line 20 of jade file "/var/www/auc/checheluka/views/header.jade"
Warning: missing space before text for line 20 of jade file "/var/www/auc/checheluka/views/header.jade"
Warning: missing space before text for line 20 of jade file "/var/www/auc/checheluka/views/header.jade"
Warning: missing space before text for line 11 of jade file "/var/www/auc/checheluka/views/goods.jade"
Warning: missing space before text for line 20 of jade file "/var/www/auc/checheluka/views/header.jade"
Warning: missing space before text for line 20 of jade file "/var/www/auc/checheluka/views/header.jade"
Warning: missing space before text for line 20 of jade file "/var/www/auc/checheluka/views/header.jade"
Warning: missing space before text for line 20 of jade file "/var/www/auc/checheluka/views/header.jade"
Warning: missing space before text for line 11 of jade file "/var/www/auc/checheluka/views/goods.jade"
Warning: missing space before text for line 115 of jade file "/var/www/auc/checheluka/views/manage/print_order.jade"
Warning: missing space before text for line 139 of jade file "/var/www/auc/checheluka/views/manage/print_order.jade"
Warning: missing space before text for line 115 of jade file "/var/www/auc/checheluka/views/manage/print_order.jade"
Warning: missing space before text for line 139 of jade file "/var/www/auc/checheluka/views/manage/print_order.jade"
Warning: missing space before text for line 115 of jade file "/var/www/auc/checheluka/views/manage/print_order.jade"
Warning: missing space before text for line 139 of jade file "/var/www/auc/checheluka/views/manage/print_order.jade"
Warning: missing space before text for line 115 of jade file "/var/www/auc/checheluka/views/manage/print_order.jade"
Warning: missing space before text for line 139 of jade file "/var/www/auc/checheluka/views/manage/print_order.jade"
Warning: missing space before text for line 20 of jade file "/var/www/auc/checheluka/views/header.jade"
Warning: missing space before text for line 20 of jade file "/var/www/auc/checheluka/views/header.jade"
Warning: missing space before text for line 11 of jade file "/var/www/auc/checheluka/views/goods.jade"
Warning: missing space before text for line 20 of jade file "/var/www/auc/checheluka/views/header.jade"
Warning: missing space before text for line 20 of jade file "/var/www/auc/checheluka/views/header.jade"
Warning: missing space before text for line 20 of jade file "/var/www/auc/checheluka/views/header.jade"
Warning: missing space before text for line 20 of jade file "/var/www/auc/checheluka/views/header.jade"
Warning: missing space before text for line 20 of jade file "/var/www/auc/checheluka/views/header.jade"
Warning: missing space before text for line 20 of jade file "/var/www/auc/checheluka/views/header.jade"
Warning: missing space before text for line 20 of jade file "/var/www/auc/checheluka/views/header.jade"
Warning: missing space before text for line 20 of jade file "/var/www/auc/checheluka/views/header.jade"
Warning: missing space before text for line 20 of jade file "/var/www/auc/checheluka/views/header.jade"
Warning: missing space before text for line 11 of jade file "/var/www/auc/checheluka/views/goods.jade"
Warning: missing space before text for line 115 of jade file "/var/www/auc/checheluka/views/manage/print_order.jade"
Warning: missing space before text for line 139 of jade file "/var/www/auc/checheluka/views/manage/print_order.jade"
Warning: missing space before text for line 115 of jade file "/var/www/auc/checheluka/views/manage/print_order.jade"
Warning: missing space before text for line 139 of jade file "/var/www/auc/checheluka/views/manage/print_order.jade"
Warning: missing space before text for line 115 of jade file "/var/www/auc/checheluka/views/manage/print_order.jade"
Warning: missing space before text for line 139 of jade file "/var/www/auc/checheluka/views/manage/print_order.jade"
Warning: missing space before text for line 20 of jade file "/var/www/auc/checheluka/views/header.jade"
Warning: missing space before text for line 20 of jade file "/var/www/auc/checheluka/views/header.jade"
Warning: missing space before text for line 11 of jade file "/var/www/auc/checheluka/views/goods.jade"
Warning: missing space before text for line 20 of jade file "/var/www/auc/checheluka/views/header.jade"
Warning: missing space before text for line 11 of jade file "/var/www/auc/checheluka/views/goods.jade"
Warning: missing space before text for line 20 of jade file "/var/www/auc/checheluka/views/header.jade"
Warning: missing space before text for line 20 of jade file "/var/www/auc/checheluka/views/header.jade"
Warning: missing space before text for line 20 of jade file "/var/www/auc/checheluka/views/header.jade"
Warning: missing space before text for line 11 of jade file "/var/www/auc/checheluka/views/goods.jade"
Warning: missing space before text for line 20 of jade file "/var/www/auc/checheluka/views/header.jade"
Warning: missing space before text for line 20 of jade file "/var/www/auc/checheluka/views/header.jade"
Warning: missing space before text for line 11 of jade file "/var/www/auc/checheluka/views/goods.jade"
Warning: missing space before text for line 20 of jade file "/var/www/auc/checheluka/views/header.jade"
Warning: missing space before text for line 20 of jade file "/var/www/auc/checheluka/views/header.jade"
Warning: missing space before text for line 11 of jade file "/var/www/auc/checheluka/views/goods.jade"
Warning: missing space before text for line 20 of jade file "/var/www/auc/checheluka/views/header.jade"
Warning: missing space before text for line 115 of jade file "/var/www/auc/checheluka/views/manage/print_order.jade"
Warning: missing space before text for line 139 of jade file "/var/www/auc/checheluka/views/manage/print_order.jade"
Warning: missing space before text for line 115 of jade file "/var/www/auc/checheluka/views/manage/print_order.jade"
Warning: missing space before text for line 139 of jade file "/var/www/auc/checheluka/views/manage/print_order.jade"
Warning: missing space before text for line 20 of jade file "/var/www/auc/checheluka/views/header.jade"
Warning: missing space before text for line 20 of jade file "/var/www/auc/checheluka/views/header.jade"
Warning: missing space before text for line 20 of jade file "/var/www/auc/checheluka/views/header.jade"
Warning: missing space before text for line 20 of jade file "/var/www/auc/checheluka/views/header.jade"
Warning: missing space before text for line 11 of jade file "/var/www/auc/checheluka/views/goods.jade"
Warning: missing space before text for line 20 of jade file "/var/www/auc/checheluka/views/header.jade"
Warning: missing space before text for line 20 of jade file "/var/www/auc/checheluka/views/header.jade"
Warning: missing space before text for line 20 of jade file "/var/www/auc/checheluka/views/header.jade"
Warning: missing space before text for line 11 of jade file "/var/www/auc/checheluka/views/goods.jade"
Warning: missing space before text for line 20 of jade file "/var/www/auc/checheluka/views/header.jade"
Warning: missing space before text for line 20 of jade file "/var/www/auc/checheluka/views/header.jade"
Warning: missing space before text for line 20 of jade file "/var/www/auc/checheluka/views/header.jade"
Warning: missing space before text for line 20 of jade file "/var/www/auc/checheluka/views/header.jade"
Warning: missing space before text for line 20 of jade file "/var/www/auc/checheluka/views/header.jade"
Warning: missing space before text for line 20 of jade file "/var/www/auc/checheluka/views/header.jade"
Warning: missing space before text for line 20 of jade file "/var/www/auc/checheluka/views/header.jade"
Warning: missing space before text for line 20 of jade file "/var/www/auc/checheluka/views/header.jade"
Warning: missing space before text for line 20 of jade file "/var/www/auc/checheluka/views/header.jade"
Warning: missing space before text for line 20 of jade file "/var/www/auc/checheluka/views/header.jade"
Warning: missing space before text for line 11 of jade file "/var/www/auc/checheluka/views/goods.jade"
Warning: missing space before text for line 20 of jade file "/var/www/auc/checheluka/views/header.jade"
Warning: missing space before text for line 20 of jade file "/var/www/auc/checheluka/views/header.jade"
Warning: missing space before text for line 20 of jade file "/var/www/auc/checheluka/views/header.jade"
Warning: missing space before text for line 20 of jade file "/var/www/auc/checheluka/views/header.jade"
Warning: missing space before text for line 20 of jade file "/var/www/auc/checheluka/views/header.jade"
Warning: missing space before text for line 11 of jade file "/var/www/auc/checheluka/views/goods.jade"
Warning: missing space before text for line 20 of jade file "/var/www/auc/checheluka/views/header.jade"
Warning: missing space before text for line 115 of jade file "/var/www/auc/checheluka/views/manage/print_order.jade"
Warning: missing space before text for line 141 of jade file "/var/www/auc/checheluka/views/manage/print_order.jade"
Warning: missing space before text for line 20 of jade file "/var/www/auc/checheluka/views/header.jade"
Warning: missing space before text for line 20 of jade file "/var/www/auc/checheluka/views/header.jade"
Warning: missing space before text for line 20 of jade file "/var/www/auc/checheluka/views/header.jade"
Warning: missing space before text for line 20 of jade file "/var/www/auc/checheluka/views/header.jade"
dicsonnected from mongo
{ '0': 
   { DisconnectedError: Ran out of retries trying to reconnect to "localhost:27017". Try setting `server.reconnectTries` and `server.reconnectInterval` to something higher.
       at MongooseError.DisconnectedError (/var/www/auc/checheluka/node_modules/mongoose/lib/error/disconnected.js:21:11)
       at Server.<anonymous> (/var/www/auc/checheluka/node_modules/mongoose/lib/drivers/node-mongodb-native/connection.js:64:31)
       at emitOne (events.js:101:20)
       at Server.emit (events.js:188:7)
       at Pool.<anonymous> (/var/www/auc/checheluka/node_modules/mongodb-core/lib/topologies/server.js:304:16)
       at emitOne (events.js:96:13)
       at Pool.emit (events.js:188:7)
       at Connection.<anonymous> (/var/www/auc/checheluka/node_modules/mongodb-core/lib/connection/pool.js:306:16)
       at emitTwo (events.js:106:13)
       at Connection.emit (events.js:191:7)
       at Socket.<anonymous> (/var/www/auc/checheluka/node_modules/mongodb-core/lib/connection/connection.js:165:49)
       at Socket.g (events.js:291:16)
       at emitOne (events.js:96:13)
       at Socket.emit (events.js:188:7)
       at emitErrorNT (net.js:1276:8)
       at _combinedTickCallback (internal/process/next_tick.js:74:11)
       at process._tickCallback (internal/process/next_tick.js:98:9)
     message: 'Ran out of retries trying to reconnect to "localhost:27017". Try setting `server.reconnectTries` and `server.reconnectInterval` to something higher.',
     name: 'DisconnectedError' } }
Error: Can't set headers after they are sent.
    at ServerResponse.OutgoingMessage.setHeader (_http_outgoing.js:356:11)
    at ServerResponse.header (/var/www/auc/checheluka/node_modules/express/lib/response.js:718:10)
    at ServerResponse.send (/var/www/auc/checheluka/node_modules/express/lib/response.js:163:12)
    at done (/var/www/auc/checheluka/node_modules/express/lib/response.js:957:10)
    at Object.exports.renderFile (/var/www/auc/checheluka/node_modules/jade/lib/index.js:374:12)
    at View.exports.__express [as engine] (/var/www/auc/checheluka/node_modules/jade/lib/index.js:417:11)
    at View.render (/var/www/auc/checheluka/node_modules/express/lib/view.js:126:8)
    at tryRender (/var/www/auc/checheluka/node_modules/express/lib/application.js:639:10)
    at EventEmitter.render (/var/www/auc/checheluka/node_modules/express/lib/application.js:591:3)
    at ServerResponse.render (/var/www/auc/checheluka/node_modules/express/lib/response.js:961:7)
    at /var/www/auc/checheluka/app.js:78:7
    at Layer.handle_error (/var/www/auc/checheluka/node_modules/express/lib/router/layer.js:71:5)
    at trim_prefix (/var/www/auc/checheluka/node_modules/express/lib/router/index.js:310:13)
    at /var/www/auc/checheluka/node_modules/express/lib/router/index.js:280:7
    at Function.process_params (/var/www/auc/checheluka/node_modules/express/lib/router/index.js:330:12)
    at IncomingMessage.next (/var/www/auc/checheluka/node_modules/express/lib/router/index.js:271:10)
    at done (/var/www/auc/checheluka/node_modules/express/lib/response.js:956:25)
    at tryRender (/var/www/auc/checheluka/node_modules/express/lib/application.js:641:5)
    at EventEmitter.render (/var/www/auc/checheluka/node_modules/express/lib/application.js:591:3)
    at ServerResponse.render (/var/www/auc/checheluka/node_modules/express/lib/response.js:961:7)
    at /var/www/auc/checheluka/app.js:67:9
    at Layer.handle_error (/var/www/auc/checheluka/node_modules/express/lib/router/layer.js:71:5)
Warning: missing space before text for line 20 of jade file "/var/www/auc/checheluka/views/header.jade"
Warning: missing space before text for line 20 of jade file "/var/www/auc/checheluka/views/header.jade"
Warning: missing space before text for line 20 of jade file "/var/www/auc/checheluka/views/header.jade"
Warning: missing space before text for line 20 of jade file "/var/www/auc/checheluka/views/header.jade"
Warning: missing space before text for line 20 of jade file "/var/www/auc/checheluka/views/header.jade"
Warning: missing space before text for line 11 of jade file "/var/www/auc/checheluka/views/goods.jade"
Warning: missing space before text for line 20 of jade file "/var/www/auc/checheluka/views/header.jade"
